<?xml version="1.0" encoding="UTF-8"?>
<testsuites name="Register" time="67.927" tests="3" failures="0" errors="0">
   <testsuite name="Register" tests="3" failures="0" errors="0" time="67.927" skipped="0" timestamp="2023-04-22 15:39:42" hostname="Tommy Chan - LAPTOP-DILCD5IP" id="Test Suites/Register">
      <properties>
         <property name="deviceName" value=""/>
         <property name="devicePlatform" value=""/>
         <property name="logFolder" value="C:\\Users\\Tommy Chan\\Katalon Studio\\MobiPaid Automation Testing\\Reports\\20230422_153932\\Register\\20230422_153932"/>
         <property name="logFiles" value="C:\\Users\\Tommy Chan\\Katalon Studio\\MobiPaid Automation Testing\\Reports\\20230422_153932\\Register\\20230422_153932\\execution0.log"/>
         <property name="attachments" value=""/>
         <property name="hostName" value="Tommy Chan - LAPTOP-DILCD5IP"/>
         <property name="os" value="Windows 10 64bit"/>
         <property name="katalonVersion" value="8.5.5.208"/>
         <property name="browser" value="Chrome 112.0.0.0"/>
         <property name="hostAddress" value="192.168.100.205"/>
         <property name="sessionId" value="297f55b67a6dfb4bd6213143d7c47d2e"/>
         <property name="seleniumVersion" value="3.141.59"/>
         <property name="proxyInformation" value="ProxyInformation { proxyOption=NO_PROXY, proxyServerType=HTTP, username=, password=********, proxyServerAddress=, proxyServerPort=0, executionList=&quot;&quot;, isApplyToDesiredCapabilities=true }"/>
         <property name="platform" value="Windows 10"/>
      </properties>
      <testcase name="Test Cases/Step Definition/Register/REG001 - User want to create MobiPaid Account" time="29.654" classname="Test Cases/Step Definition/Register/REG001 - User want to create MobiPaid Account" status="PASSED">
         <system-out><![CDATA[2023-04-22 15:39:42 - [TEST_CASE][PASSED] - Test Cases/Step Definition/Register/REG001 - User want to create MobiPaid Account: Test Cases/Step Definition/Register/REG001 - User want to create MobiPaid Account

2023-04-22 15:39:43 - [TEST_STEP][PASSED] - openBrowser("https://stage.mobipaid.com/en/register"): Browser is opened with url: 'https://stage.mobipaid.com/en/register'

2023-04-22 15:39:43 - [MESSAGE][INFO] - Starting 'Chrome' driver

2023-04-22 15:39:43 - [MESSAGE][INFO] - Action delay is set to 0 milliseconds

2023-04-22 15:39:51 - [MESSAGE][PASSED] - Browser is opened with url: 'https://stage.mobipaid.com/en/register'

2023-04-22 15:39:51 - [TEST_STEP][PASSED] - maximizeWindow(): Current window maximized

2023-04-22 15:39:52 - [MESSAGE][PASSED] - Current window maximized

2023-04-22 15:39:52 - [TEST_STEP][PASSED] - callTestCase(findTestCase("Pages/Register/Input First Name"), [:], STOP_ON_FAILURE): Call Test Case 'Test Cases/Pages/Register/Input First Name' successfully

2023-04-22 15:39:52 - [TEST_CASE][PASSED] - Test Cases/Pages/Register/Input First Name: Test Cases/Pages/Register/Input First Name

2023-04-22 15:39:52 - [TEST_STEP][PASSED] - sendKeys(findTestObject("MobiPaid Register/input_Login_signatory_first_name"), "Tommy"): Keys 'Tommy' sent to object: 'Object Repository/MobiPaid Register/input_Login_signatory_first_name'

2023-04-22 15:39:54 - [MESSAGE][PASSED] - Keys 'Tommy' sent to object: 'Object Repository/MobiPaid Register/input_Login_signatory_first_name'

2023-04-22 15:39:54 - [MESSAGE][PASSED] - Call Test Case 'Test Cases/Pages/Register/Input First Name' successfully

2023-04-22 15:39:54 - [TEST_STEP][PASSED] - callTestCase(findTestCase("Pages/Register/Input Last Name"), [:], STOP_ON_FAILURE): Call Test Case 'Test Cases/Pages/Register/Input Last Name' successfully

2023-04-22 15:39:54 - [TEST_CASE][PASSED] - Test Cases/Pages/Register/Input Last Name: Test Cases/Pages/Register/Input Last Name

2023-04-22 15:39:54 - [TEST_STEP][PASSED] - sendKeys(findTestObject("MobiPaid Register/input_Login_signatory_last_name"), "Chaniago"): Keys 'Chaniago' sent to object: 'Object Repository/MobiPaid Register/input_Login_signatory_last_name'

2023-04-22 15:39:56 - [MESSAGE][PASSED] - Keys 'Chaniago' sent to object: 'Object Repository/MobiPaid Register/input_Login_signatory_last_name'

2023-04-22 15:39:56 - [MESSAGE][PASSED] - Call Test Case 'Test Cases/Pages/Register/Input Last Name' successfully

2023-04-22 15:39:56 - [TEST_STEP][PASSED] - callTestCase(findTestCase("Pages/Register/Input Email"), [:], STOP_ON_FAILURE): Call Test Case 'Test Cases/Pages/Register/Input Email' successfully

2023-04-22 15:39:56 - [TEST_CASE][PASSED] - Test Cases/Pages/Register/Input Email: Test Cases/Pages/Register/Input Email

2023-04-22 15:39:56 - [TEST_STEP][PASSED] - sendKeys(findTestObject("MobiPaid Register/input_Login_email"), "tommy.chaniago971@gmail.com"): Keys 'tommy.chaniago971@gmail.com' sent to object: 'Object Repository/MobiPaid Register/input_Login_email'

2023-04-22 15:39:58 - [MESSAGE][PASSED] - Keys 'tommy.chaniago971@gmail.com' sent to object: 'Object Repository/MobiPaid Register/input_Login_email'

2023-04-22 15:39:58 - [MESSAGE][PASSED] - Call Test Case 'Test Cases/Pages/Register/Input Email' successfully

2023-04-22 15:39:58 - [TEST_STEP][PASSED] - callTestCase(findTestCase("Pages/Register/Input Password"), [:], STOP_ON_FAILURE): Call Test Case 'Test Cases/Pages/Register/Input Password' successfully

2023-04-22 15:39:58 - [TEST_CASE][PASSED] - Test Cases/Pages/Register/Input Password: Test Cases/Pages/Register/Input Password

2023-04-22 15:39:58 - [TEST_STEP][PASSED] - sendKeys(findTestObject("MobiPaid Register/input_Login_password"), "Tc@MOBIPAID955!"): Keys 'Tc@MOBIPAID955!' sent to object: 'Object Repository/MobiPaid Register/input_Login_password'

2023-04-22 15:39:59 - [MESSAGE][PASSED] - Keys 'Tc@MOBIPAID955!' sent to object: 'Object Repository/MobiPaid Register/input_Login_password'

2023-04-22 15:39:59 - [MESSAGE][PASSED] - Call Test Case 'Test Cases/Pages/Register/Input Password' successfully

2023-04-22 15:39:59 - [TEST_STEP][PASSED] - callTestCase(findTestCase("Pages/Register/Input Company Name"), [:], STOP_ON_FAILURE): Call Test Case 'Test Cases/Pages/Register/Input Company Name' successfully

2023-04-22 15:39:59 - [TEST_CASE][PASSED] - Test Cases/Pages/Register/Input Company Name: Test Cases/Pages/Register/Input Company Name

2023-04-22 15:40:00 - [TEST_STEP][PASSED] - sendKeys(findTestObject("MobiPaid Register/input_company name"), "MSBU Altrovis"): Keys 'MSBU Altrovis' sent to object: 'Object Repository/MobiPaid Register/input_company name'

2023-04-22 15:40:01 - [MESSAGE][PASSED] - Keys 'MSBU Altrovis' sent to object: 'Object Repository/MobiPaid Register/input_company name'

2023-04-22 15:40:01 - [MESSAGE][PASSED] - Call Test Case 'Test Cases/Pages/Register/Input Company Name' successfully

2023-04-22 15:40:01 - [TEST_STEP][PASSED] - callTestCase(findTestCase("Pages/Register/Input Phone Number"), [:], STOP_ON_FAILURE): Call Test Case 'Test Cases/Pages/Register/Input Phone Number' successfully

2023-04-22 15:40:01 - [TEST_CASE][PASSED] - Test Cases/Pages/Register/Input Phone Number: Test Cases/Pages/Register/Input Phone Number

2023-04-22 15:40:02 - [TEST_STEP][PASSED] - sendKeys(findTestObject("MobiPaid Register/phone_number field"), "81290196022"): Keys '81290196022' sent to object: 'Object Repository/MobiPaid Register/phone_number field'

2023-04-22 15:40:03 - [MESSAGE][PASSED] - Keys '81290196022' sent to object: 'Object Repository/MobiPaid Register/phone_number field'

2023-04-22 15:40:03 - [MESSAGE][PASSED] - Call Test Case 'Test Cases/Pages/Register/Input Phone Number' successfully

2023-04-22 15:40:03 - [TEST_STEP][PASSED] - callTestCase(findTestCase("Pages/Register/Choose Country"), [:], STOP_ON_FAILURE): Call Test Case 'Test Cases/Pages/Register/Choose Country' successfully

2023-04-22 15:40:03 - [TEST_CASE][PASSED] - Test Cases/Pages/Register/Choose Country: Test Cases/Pages/Register/Choose Country

2023-04-22 15:40:04 - [TEST_STEP][PASSED] - click(findTestObject("MobiPaid Register/select_Your country")): Object: 'Object Repository/MobiPaid Register/select_Your country' is clicked on

2023-04-22 15:40:05 - [MESSAGE][PASSED] - Object: 'Object Repository/MobiPaid Register/select_Your country' is clicked on

2023-04-22 15:40:05 - [TEST_STEP][PASSED] - scrollToElement(findTestObject("MobiPaid Register/select_Your country"), 1): Scroll to object 'Object Repository/MobiPaid Register/select_Your country' successfully

2023-04-22 15:40:05 - [MESSAGE][PASSED] - Scroll to object 'Object Repository/MobiPaid Register/select_Your country' successfully

2023-04-22 15:40:05 - [TEST_STEP][PASSED] - sendKeys(findTestObject("MobiPaid Register/select_Your country"), "South Africa"): Keys 'South Africa' sent to object: 'Object Repository/MobiPaid Register/select_Your country'

2023-04-22 15:40:06 - [MESSAGE][PASSED] - Keys 'South Africa' sent to object: 'Object Repository/MobiPaid Register/select_Your country'

2023-04-22 15:40:06 - [MESSAGE][PASSED] - Call Test Case 'Test Cases/Pages/Register/Choose Country' successfully

2023-04-22 15:40:06 - [TEST_STEP][PASSED] - callTestCase(findTestCase("Pages/Register/Click Agreement Box"), [:], STOP_ON_FAILURE): Call Test Case 'Test Cases/Pages/Register/Click Agreement Box' successfully

2023-04-22 15:40:06 - [TEST_CASE][PASSED] - Test Cases/Pages/Register/Click Agreement Box: Test Cases/Pages/Register/Click Agreement Box

2023-04-22 15:40:06 - [TEST_STEP][PASSED] - click(findTestObject("MobiPaid Register/input_By clicking this box, I accept the,and_psa-checkbox")): Object: 'Object Repository/MobiPaid Register/input_By clicking this box, I accept the,and_psa-checkbox' is clicked on

2023-04-22 15:40:07 - [MESSAGE][PASSED] - Object: 'Object Repository/MobiPaid Register/input_By clicking this box, I accept the,and_psa-checkbox' is clicked on

2023-04-22 15:40:07 - [MESSAGE][PASSED] - Call Test Case 'Test Cases/Pages/Register/Click Agreement Box' successfully

2023-04-22 15:40:07 - [TEST_STEP][PASSED] - callTestCase(findTestCase("Pages/Register/Click Next Step Button"), [:], STOP_ON_FAILURE): Call Test Case 'Test Cases/Pages/Register/Click Next Step Button' successfully

2023-04-22 15:40:07 - [TEST_CASE][PASSED] - Test Cases/Pages/Register/Click Next Step Button: Test Cases/Pages/Register/Click Next Step Button

2023-04-22 15:40:08 - [TEST_STEP][PASSED] - click(findTestObject("MobiPaid Register/button_Next Step")): Object: 'Object Repository/MobiPaid Register/button_Next Step' is clicked on

2023-04-22 15:40:09 - [MESSAGE][PASSED] - Object: 'Object Repository/MobiPaid Register/button_Next Step' is clicked on

2023-04-22 15:40:09 - [MESSAGE][PASSED] - Call Test Case 'Test Cases/Pages/Register/Click Next Step Button' successfully

2023-04-22 15:40:09 - [TEST_STEP][PASSED] - verifyElementPresent(findTestObject("MobiPaid Register/div_Account successfully created"), 1): Object 'Object Repository/MobiPaid Register/div_Account successfully created' is present

2023-04-22 15:40:11 - [MESSAGE][PASSED] - Object 'Object Repository/MobiPaid Register/div_Account successfully created' is present

2023-04-22 15:40:11 - [TEST_STEP][PASSED] - closeBrowser(): Browser is closed

2023-04-22 15:40:12 - [MESSAGE][PASSED] - Browser is closed]]></system-out>
         <system-err><![CDATA[]]></system-err>
      </testcase>
      <testcase name="Test Cases/Step Definition/Register/REG002 - User want to create account while leave the field blank" time="19.942" classname="Test Cases/Step Definition/Register/REG002 - User want to create account while leave the field blank" status="PASSED">
         <system-out><![CDATA[2023-04-22 15:40:12 - [TEST_CASE][PASSED] - Test Cases/Step Definition/Register/REG002 - User want to create account while leave the field blank: Test Cases/Step Definition/Register/REG002 - User want to create account while leave the field blank

2023-04-22 15:40:12 - [TEST_STEP][PASSED] - openBrowser("https://merchant.mobipaid.com/en/register"): Browser is opened with url: 'https://merchant.mobipaid.com/en/register'

2023-04-22 15:40:12 - [MESSAGE][INFO] - Starting 'Chrome' driver

2023-04-22 15:40:12 - [MESSAGE][INFO] - Action delay is set to 0 milliseconds

2023-04-22 15:40:20 - [MESSAGE][PASSED] - Browser is opened with url: 'https://merchant.mobipaid.com/en/register'

2023-04-22 15:40:20 - [TEST_STEP][PASSED] - maximizeWindow(): Current window maximized

2023-04-22 15:40:20 - [MESSAGE][PASSED] - Current window maximized

2023-04-22 15:40:20 - [TEST_STEP][PASSED] - callTestCase(findTestCase("Pages/Register/Input First Name"), [:], STOP_ON_FAILURE): Call Test Case 'Test Cases/Pages/Register/Input First Name' successfully

2023-04-22 15:40:20 - [TEST_CASE][PASSED] - Test Cases/Pages/Register/Input First Name: Test Cases/Pages/Register/Input First Name

2023-04-22 15:40:20 - [TEST_STEP][PASSED] - sendKeys(findTestObject("MobiPaid Register/input_Login_signatory_first_name"), "Tommy"): Keys 'Tommy' sent to object: 'Object Repository/MobiPaid Register/input_Login_signatory_first_name'

2023-04-22 15:40:21 - [MESSAGE][PASSED] - Keys 'Tommy' sent to object: 'Object Repository/MobiPaid Register/input_Login_signatory_first_name'

2023-04-22 15:40:21 - [MESSAGE][PASSED] - Call Test Case 'Test Cases/Pages/Register/Input First Name' successfully

2023-04-22 15:40:21 - [TEST_STEP][PASSED] - callTestCase(findTestCase("Pages/Register/Input Last Name"), [:], STOP_ON_FAILURE): Call Test Case 'Test Cases/Pages/Register/Input Last Name' successfully

2023-04-22 15:40:22 - [TEST_CASE][PASSED] - Test Cases/Pages/Register/Input Last Name: Test Cases/Pages/Register/Input Last Name

2023-04-22 15:40:22 - [TEST_STEP][PASSED] - sendKeys(findTestObject("MobiPaid Register/input_Login_signatory_last_name"), "Chaniago"): Keys 'Chaniago' sent to object: 'Object Repository/MobiPaid Register/input_Login_signatory_last_name'

2023-04-22 15:40:23 - [MESSAGE][PASSED] - Keys 'Chaniago' sent to object: 'Object Repository/MobiPaid Register/input_Login_signatory_last_name'

2023-04-22 15:40:23 - [MESSAGE][PASSED] - Call Test Case 'Test Cases/Pages/Register/Input Last Name' successfully

2023-04-22 15:40:23 - [TEST_STEP][PASSED] - sendKeys(findTestObject("MobiPaid Register/input_Login_email"), "tommy.chaniago98@gmail.com"): Keys 'tommy.chaniago98@gmail.com' sent to object: 'Object Repository/MobiPaid Register/input_Login_email'

2023-04-22 15:40:25 - [MESSAGE][PASSED] - Keys 'tommy.chaniago98@gmail.com' sent to object: 'Object Repository/MobiPaid Register/input_Login_email'

2023-04-22 15:40:25 - [TEST_STEP][PASSED] - callTestCase(findTestCase("Pages/Register/Input Password"), [:], STOP_ON_FAILURE): Call Test Case 'Test Cases/Pages/Register/Input Password' successfully

2023-04-22 15:40:25 - [TEST_CASE][PASSED] - Test Cases/Pages/Register/Input Password: Test Cases/Pages/Register/Input Password

2023-04-22 15:40:25 - [TEST_STEP][PASSED] - sendKeys(findTestObject("MobiPaid Register/input_Login_password"), "Tc@MOBIPAID955!"): Keys 'Tc@MOBIPAID955!' sent to object: 'Object Repository/MobiPaid Register/input_Login_password'

2023-04-22 15:40:26 - [MESSAGE][PASSED] - Keys 'Tc@MOBIPAID955!' sent to object: 'Object Repository/MobiPaid Register/input_Login_password'

2023-04-22 15:40:26 - [MESSAGE][PASSED] - Call Test Case 'Test Cases/Pages/Register/Input Password' successfully

2023-04-22 15:40:26 - [TEST_STEP][PASSED] - callTestCase(findTestCase("Pages/Register/Input Company Name"), [:], STOP_ON_FAILURE): Call Test Case 'Test Cases/Pages/Register/Input Company Name' successfully

2023-04-22 15:40:26 - [TEST_CASE][PASSED] - Test Cases/Pages/Register/Input Company Name: Test Cases/Pages/Register/Input Company Name

2023-04-22 15:40:26 - [TEST_STEP][PASSED] - sendKeys(findTestObject("MobiPaid Register/input_company name"), "MSBU Altrovis"): Keys 'MSBU Altrovis' sent to object: 'Object Repository/MobiPaid Register/input_company name'

2023-04-22 15:40:27 - [MESSAGE][PASSED] - Keys 'MSBU Altrovis' sent to object: 'Object Repository/MobiPaid Register/input_company name'

2023-04-22 15:40:27 - [MESSAGE][PASSED] - Call Test Case 'Test Cases/Pages/Register/Input Company Name' successfully

2023-04-22 15:40:27 - [TEST_STEP][PASSED] - callTestCase(findTestCase("Pages/Register/Choose Country"), [:], STOP_ON_FAILURE): Call Test Case 'Test Cases/Pages/Register/Choose Country' successfully

2023-04-22 15:40:27 - [TEST_CASE][PASSED] - Test Cases/Pages/Register/Choose Country: Test Cases/Pages/Register/Choose Country

2023-04-22 15:40:27 - [TEST_STEP][PASSED] - click(findTestObject("MobiPaid Register/select_Your country")): Object: 'Object Repository/MobiPaid Register/select_Your country' is clicked on

2023-04-22 15:40:28 - [MESSAGE][PASSED] - Object: 'Object Repository/MobiPaid Register/select_Your country' is clicked on

2023-04-22 15:40:28 - [TEST_STEP][PASSED] - scrollToElement(findTestObject("MobiPaid Register/select_Your country"), 1): Scroll to object 'Object Repository/MobiPaid Register/select_Your country' successfully

2023-04-22 15:40:29 - [MESSAGE][PASSED] - Scroll to object 'Object Repository/MobiPaid Register/select_Your country' successfully

2023-04-22 15:40:29 - [TEST_STEP][PASSED] - sendKeys(findTestObject("MobiPaid Register/select_Your country"), "South Africa"): Keys 'South Africa' sent to object: 'Object Repository/MobiPaid Register/select_Your country'

2023-04-22 15:40:30 - [MESSAGE][PASSED] - Keys 'South Africa' sent to object: 'Object Repository/MobiPaid Register/select_Your country'

2023-04-22 15:40:30 - [MESSAGE][PASSED] - Call Test Case 'Test Cases/Pages/Register/Choose Country' successfully

2023-04-22 15:40:30 - [TEST_STEP][PASSED] - callTestCase(findTestCase("Pages/Register/Click Agreement Box"), [:], STOP_ON_FAILURE): Call Test Case 'Test Cases/Pages/Register/Click Agreement Box' successfully

2023-04-22 15:40:30 - [TEST_CASE][PASSED] - Test Cases/Pages/Register/Click Agreement Box: Test Cases/Pages/Register/Click Agreement Box

2023-04-22 15:40:30 - [TEST_STEP][PASSED] - click(findTestObject("MobiPaid Register/input_By clicking this box, I accept the,and_psa-checkbox")): Object: 'Object Repository/MobiPaid Register/input_By clicking this box, I accept the,and_psa-checkbox' is clicked on

2023-04-22 15:40:30 - [MESSAGE][PASSED] - Object: 'Object Repository/MobiPaid Register/input_By clicking this box, I accept the,and_psa-checkbox' is clicked on

2023-04-22 15:40:30 - [MESSAGE][PASSED] - Call Test Case 'Test Cases/Pages/Register/Click Agreement Box' successfully

2023-04-22 15:40:30 - [TEST_STEP][PASSED] - callTestCase(findTestCase("Pages/Register/Click Next Step Button"), [:], STOP_ON_FAILURE): Call Test Case 'Test Cases/Pages/Register/Click Next Step Button' successfully

2023-04-22 15:40:30 - [TEST_CASE][PASSED] - Test Cases/Pages/Register/Click Next Step Button: Test Cases/Pages/Register/Click Next Step Button

2023-04-22 15:40:30 - [TEST_STEP][PASSED] - click(findTestObject("MobiPaid Register/button_Next Step")): Object: 'Object Repository/MobiPaid Register/button_Next Step' is clicked on

2023-04-22 15:40:31 - [MESSAGE][PASSED] - Object: 'Object Repository/MobiPaid Register/button_Next Step' is clicked on

2023-04-22 15:40:31 - [MESSAGE][PASSED] - Call Test Case 'Test Cases/Pages/Register/Click Next Step Button' successfully

2023-04-22 15:40:31 - [TEST_STEP][PASSED] - closeBrowser(): Browser is closed

2023-04-22 15:40:32 - [MESSAGE][PASSED] - Browser is closed]]></system-out>
         <system-err><![CDATA[]]></system-err>
      </testcase>
      <testcase name="Test Cases/Step Definition/Register/REG003 - User want to create account using incorrect password format" time="17.929" classname="Test Cases/Step Definition/Register/REG003 - User want to create account using incorrect password format" status="PASSED">
         <system-out><![CDATA[2023-04-22 15:40:32 - [TEST_CASE][PASSED] - Test Cases/Step Definition/Register/REG003 - User want to create account using incorrect password format: Test Cases/Step Definition/Register/REG003 - User want to create account using incorrect password format

2023-04-22 15:40:32 - [TEST_STEP][PASSED] - openBrowser("https://merchant.mobipaid.com/en/register"): Browser is opened with url: 'https://merchant.mobipaid.com/en/register'

2023-04-22 15:40:32 - [MESSAGE][INFO] - Starting 'Chrome' driver

2023-04-22 15:40:32 - [MESSAGE][INFO] - Action delay is set to 0 milliseconds

2023-04-22 15:40:39 - [MESSAGE][PASSED] - Browser is opened with url: 'https://merchant.mobipaid.com/en/register'

2023-04-22 15:40:39 - [TEST_STEP][PASSED] - maximizeWindow(): Current window maximized

2023-04-22 15:40:39 - [MESSAGE][PASSED] - Current window maximized

2023-04-22 15:40:39 - [TEST_STEP][PASSED] - callTestCase(findTestCase("Pages/Register/Input First Name"), [:], STOP_ON_FAILURE): Call Test Case 'Test Cases/Pages/Register/Input First Name' successfully

2023-04-22 15:40:39 - [TEST_CASE][PASSED] - Test Cases/Pages/Register/Input First Name: Test Cases/Pages/Register/Input First Name

2023-04-22 15:40:39 - [TEST_STEP][PASSED] - sendKeys(findTestObject("MobiPaid Register/input_Login_signatory_first_name"), "Tommy"): Keys 'Tommy' sent to object: 'Object Repository/MobiPaid Register/input_Login_signatory_first_name'

2023-04-22 15:40:40 - [MESSAGE][PASSED] - Keys 'Tommy' sent to object: 'Object Repository/MobiPaid Register/input_Login_signatory_first_name'

2023-04-22 15:40:40 - [MESSAGE][PASSED] - Call Test Case 'Test Cases/Pages/Register/Input First Name' successfully

2023-04-22 15:40:40 - [TEST_STEP][PASSED] - callTestCase(findTestCase("Pages/Register/Input Last Name"), [:], STOP_ON_FAILURE): Call Test Case 'Test Cases/Pages/Register/Input Last Name' successfully

2023-04-22 15:40:40 - [TEST_CASE][PASSED] - Test Cases/Pages/Register/Input Last Name: Test Cases/Pages/Register/Input Last Name

2023-04-22 15:40:40 - [TEST_STEP][PASSED] - sendKeys(findTestObject("MobiPaid Register/input_Login_signatory_last_name"), "Chaniago"): Keys 'Chaniago' sent to object: 'Object Repository/MobiPaid Register/input_Login_signatory_last_name'

2023-04-22 15:40:40 - [MESSAGE][PASSED] - Keys 'Chaniago' sent to object: 'Object Repository/MobiPaid Register/input_Login_signatory_last_name'

2023-04-22 15:40:40 - [MESSAGE][PASSED] - Call Test Case 'Test Cases/Pages/Register/Input Last Name' successfully

2023-04-22 15:40:40 - [TEST_STEP][PASSED] - callTestCase(findTestCase("Pages/Register/Input Email"), [:], STOP_ON_FAILURE): Call Test Case 'Test Cases/Pages/Register/Input Email' successfully

2023-04-22 15:40:41 - [TEST_CASE][PASSED] - Test Cases/Pages/Register/Input Email: Test Cases/Pages/Register/Input Email

2023-04-22 15:40:41 - [TEST_STEP][PASSED] - sendKeys(findTestObject("MobiPaid Register/input_Login_email"), "tommy.chaniago971@gmail.com"): Keys 'tommy.chaniago971@gmail.com' sent to object: 'Object Repository/MobiPaid Register/input_Login_email'

2023-04-22 15:40:41 - [MESSAGE][PASSED] - Keys 'tommy.chaniago971@gmail.com' sent to object: 'Object Repository/MobiPaid Register/input_Login_email'

2023-04-22 15:40:41 - [MESSAGE][PASSED] - Call Test Case 'Test Cases/Pages/Register/Input Email' successfully

2023-04-22 15:40:41 - [TEST_STEP][PASSED] - callTestCase(findTestCase("Pages/Register/Input Password 2"), [:], STOP_ON_FAILURE): Call Test Case 'Test Cases/Pages/Register/Input Password 2' successfully

2023-04-22 15:40:41 - [TEST_CASE][PASSED] - Test Cases/Pages/Register/Input Password 2: Test Cases/Pages/Register/Input Password 2

2023-04-22 15:40:42 - [TEST_STEP][PASSED] - sendKeys(findTestObject("MobiPaid Register/input_Login_password"), "tommychanmobipaid955"): Keys 'tommychanmobipaid955' sent to object: 'Object Repository/MobiPaid Register/input_Login_password'

2023-04-22 15:40:43 - [MESSAGE][PASSED] - Keys 'tommychanmobipaid955' sent to object: 'Object Repository/MobiPaid Register/input_Login_password'

2023-04-22 15:40:43 - [MESSAGE][PASSED] - Call Test Case 'Test Cases/Pages/Register/Input Password 2' successfully

2023-04-22 15:40:43 - [TEST_STEP][PASSED] - callTestCase(findTestCase("Pages/Register/Input Company Name"), [:], STOP_ON_FAILURE): Call Test Case 'Test Cases/Pages/Register/Input Company Name' successfully

2023-04-22 15:40:43 - [TEST_CASE][PASSED] - Test Cases/Pages/Register/Input Company Name: Test Cases/Pages/Register/Input Company Name

2023-04-22 15:40:43 - [TEST_STEP][PASSED] - sendKeys(findTestObject("MobiPaid Register/input_company name"), "MSBU Altrovis"): Keys 'MSBU Altrovis' sent to object: 'Object Repository/MobiPaid Register/input_company name'

2023-04-22 15:40:44 - [MESSAGE][PASSED] - Keys 'MSBU Altrovis' sent to object: 'Object Repository/MobiPaid Register/input_company name'

2023-04-22 15:40:44 - [MESSAGE][PASSED] - Call Test Case 'Test Cases/Pages/Register/Input Company Name' successfully

2023-04-22 15:40:44 - [TEST_STEP][PASSED] - callTestCase(findTestCase("Pages/Register/Input Phone Number"), [:], STOP_ON_FAILURE): Call Test Case 'Test Cases/Pages/Register/Input Phone Number' successfully

2023-04-22 15:40:44 - [TEST_CASE][PASSED] - Test Cases/Pages/Register/Input Phone Number: Test Cases/Pages/Register/Input Phone Number

2023-04-22 15:40:44 - [TEST_STEP][PASSED] - sendKeys(findTestObject("MobiPaid Register/phone_number field"), "81290196022"): Keys '81290196022' sent to object: 'Object Repository/MobiPaid Register/phone_number field'

2023-04-22 15:40:45 - [MESSAGE][PASSED] - Keys '81290196022' sent to object: 'Object Repository/MobiPaid Register/phone_number field'

2023-04-22 15:40:45 - [MESSAGE][PASSED] - Call Test Case 'Test Cases/Pages/Register/Input Phone Number' successfully

2023-04-22 15:40:45 - [TEST_STEP][PASSED] - callTestCase(findTestCase("Pages/Register/Choose Country"), [:], STOP_ON_FAILURE): Call Test Case 'Test Cases/Pages/Register/Choose Country' successfully

2023-04-22 15:40:45 - [TEST_CASE][PASSED] - Test Cases/Pages/Register/Choose Country: Test Cases/Pages/Register/Choose Country

2023-04-22 15:40:45 - [TEST_STEP][PASSED] - click(findTestObject("MobiPaid Register/select_Your country")): Object: 'Object Repository/MobiPaid Register/select_Your country' is clicked on

2023-04-22 15:40:46 - [MESSAGE][PASSED] - Object: 'Object Repository/MobiPaid Register/select_Your country' is clicked on

2023-04-22 15:40:46 - [TEST_STEP][PASSED] - scrollToElement(findTestObject("MobiPaid Register/select_Your country"), 1): Scroll to object 'Object Repository/MobiPaid Register/select_Your country' successfully

2023-04-22 15:40:46 - [MESSAGE][PASSED] - Scroll to object 'Object Repository/MobiPaid Register/select_Your country' successfully

2023-04-22 15:40:46 - [TEST_STEP][PASSED] - sendKeys(findTestObject("MobiPaid Register/select_Your country"), "South Africa"): Keys 'South Africa' sent to object: 'Object Repository/MobiPaid Register/select_Your country'

2023-04-22 15:40:47 - [MESSAGE][PASSED] - Keys 'South Africa' sent to object: 'Object Repository/MobiPaid Register/select_Your country'

2023-04-22 15:40:47 - [MESSAGE][PASSED] - Call Test Case 'Test Cases/Pages/Register/Choose Country' successfully

2023-04-22 15:40:47 - [TEST_STEP][PASSED] - callTestCase(findTestCase("Pages/Register/Click Agreement Box"), [:], STOP_ON_FAILURE): Call Test Case 'Test Cases/Pages/Register/Click Agreement Box' successfully

2023-04-22 15:40:47 - [TEST_CASE][PASSED] - Test Cases/Pages/Register/Click Agreement Box: Test Cases/Pages/Register/Click Agreement Box

2023-04-22 15:40:47 - [TEST_STEP][PASSED] - click(findTestObject("MobiPaid Register/input_By clicking this box, I accept the,and_psa-checkbox")): Object: 'Object Repository/MobiPaid Register/input_By clicking this box, I accept the,and_psa-checkbox' is clicked on

2023-04-22 15:40:47 - [MESSAGE][PASSED] - Object: 'Object Repository/MobiPaid Register/input_By clicking this box, I accept the,and_psa-checkbox' is clicked on

2023-04-22 15:40:47 - [MESSAGE][PASSED] - Call Test Case 'Test Cases/Pages/Register/Click Agreement Box' successfully

2023-04-22 15:40:47 - [TEST_STEP][PASSED] - callTestCase(findTestCase("Pages/Register/Click Next Step Button"), [:], STOP_ON_FAILURE): Call Test Case 'Test Cases/Pages/Register/Click Next Step Button' successfully

2023-04-22 15:40:47 - [TEST_CASE][PASSED] - Test Cases/Pages/Register/Click Next Step Button: Test Cases/Pages/Register/Click Next Step Button

2023-04-22 15:40:47 - [TEST_STEP][PASSED] - click(findTestObject("MobiPaid Register/button_Next Step")): Object: 'Object Repository/MobiPaid Register/button_Next Step' is clicked on

2023-04-22 15:40:48 - [MESSAGE][PASSED] - Object: 'Object Repository/MobiPaid Register/button_Next Step' is clicked on

2023-04-22 15:40:48 - [MESSAGE][PASSED] - Call Test Case 'Test Cases/Pages/Register/Click Next Step Button' successfully

2023-04-22 15:40:48 - [TEST_STEP][PASSED] - verifyElementPresent(findTestObject("MobiPaid Register/div_The password correct format"), 1): Object 'Object Repository/MobiPaid Register/div_The password correct format' is present

2023-04-22 15:40:49 - [MESSAGE][PASSED] - Object 'Object Repository/MobiPaid Register/div_The password correct format' is present

2023-04-22 15:40:49 - [TEST_STEP][PASSED] - closeBrowser(): Browser is closed

2023-04-22 15:40:50 - [MESSAGE][PASSED] - Browser is closed]]></system-out>
         <system-err><![CDATA[]]></system-err>
      </testcase>
      <system-out><![CDATA[2023-04-22 15:39:42 - [TEST_SUITE][PASSED] - Register: Test Cases/Step Definition/Register/REG003 - User want to create account using incorrect password format]]></system-out>
      <system-err><![CDATA[]]></system-err>
   </testsuite>
</testsuites>
